module.js:474
    throw err;
    ^

Error: Cannot find module 'express'
    at Function.Module._resolveFilename (module.js:472:15)
    at Function.Module._load (module.js:420:25)
    at Module.require (module.js:500:17)
    at require (internal/module.js:20:19)
    at Object.<anonymous> (/usr/src/raspberry/app.js:1:79)
    at Module._compile (module.js:573:32)
    at Object.Module._extensions..js (module.js:582:10)
    at Module.load (module.js:490:32)
    at tryModuleLoad (module.js:449:12)
    at Function.Module._load (module.js:441:3)
module.js:474
    throw err;
    ^

Error: Cannot find module 'express'
    at Function.Module._resolveFilename (module.js:472:15)
    at Function.Module._load (module.js:420:25)
    at Module.require (module.js:500:17)
    at require (internal/module.js:20:19)
    at Object.<anonymous> (/usr/src/raspberry/app.js:1:79)
    at Module._compile (module.js:573:32)
    at Object.Module._extensions..js (module.js:582:10)
    at Module.load (module.js:490:32)
    at tryModuleLoad (module.js:449:12)
    at Function.Module._load (module.js:441:3)
App listening at port 8090
-----------
get outside weather info
-----------
/bin/sh: 1: ./sensor_scripts/current.py: not found
{
    "results": [
        {
            "location": {
                "id": "WTTDPCGXTWUS",
                "name": "苏州",
                "country": "CN",
                "path": "苏州,苏州,江苏,中国",
                "timezone": "Asia/Shanghai",
                "timezone_offset": "+08:00"
            },
            "now": {
                "text": "晴",
                "code": "0",
                "temperature": "41"
            },
            "last_update": "2017-07-22T15:35:00+08:00"
        }
    ]
}
App listening at port 8090
-----------
get outside weather info
-----------
{
    "results": [
        {
            "location": {
                "id": "WTTDPCGXTWUS",
                "name": "苏州",
                "country": "CN",
                "path": "苏州,苏州,江苏,中国",
                "timezone": "Asia/Shanghai",
                "timezone_offset": "+08:00"
            },
            "now": {
                "text": "晴",
                "code": "0",
                "temperature": "39"
            },
            "last_update": "2017-07-22T16:45:00+08:00"
        }
    ]
}
-----------
get outside weather info
-----------
{
    "results": [
        {
            "location": {
                "id": "WTTDPCGXTWUS",
                "name": "苏州",
                "country": "CN",
                "path": "苏州,苏州,江苏,中国",
                "timezone": "Asia/Shanghai",
                "timezone_offset": "+08:00"
            },
            "now": {
                "text": "晴",
                "code": "1",
                "temperature": "34"
            },
            "last_update": "2017-07-22T22:00:00+08:00"
        }
    ]
}
App listening at port 8090
-----------
get outside weather info
-----------
{
    "results": [
        {
            "location": {
                "id": "WTTDPCGXTWUS",
                "name": "苏州",
                "country": "CN",
                "path": "苏州,苏州,江苏,中国",
                "timezone": "Asia/Shanghai",
                "timezone_offset": "+08:00"
            },
            "now": {
                "text": "晴",
                "code": "1",
                "temperature": "34"
            },
            "last_update": "2017-07-22T23:15:00+08:00"
        }
    ]
}
-----------
get outside weather info
-----------
{
    "results": [
        {
            "location": {
                "id": "WTTDPCGXTWUS",
                "name": "苏州",
                "country": "CN",
                "path": "苏州,苏州,江苏,中国",
                "timezone": "Asia/Shanghai",
                "timezone_offset": "+08:00"
            },
            "now": {
                "text": "晴",
                "code": "1",
                "temperature": "34"
            },
            "last_update": "2017-07-22T23:15:00+08:00"
        }
    ]
}
-----------
get outside weather info
-----------
{
    "results": [
        {
            "location": {
                "id": "WTTDPCGXTWUS",
                "name": "苏州",
                "country": "CN",
                "path": "苏州,苏州,江苏,中国",
                "timezone": "Asia/Shanghai",
                "timezone_offset": "+08:00"
            },
            "now": {
                "text": "晴",
                "code": "1",
                "temperature": "34"
            },
            "last_update": "2017-07-22T23:15:00+08:00"
        }
    ]
}
-----------
get outside weather info
-----------
{
    "results": [
        {
            "location": {
                "id": "WTTDPCGXTWUS",
                "name": "苏州",
                "country": "CN",
                "path": "苏州,苏州,江苏,中国",
                "timezone": "Asia/Shanghai",
                "timezone_offset": "+08:00"
            },
            "now": {
                "text": "晴",
                "code": "1",
                "temperature": "34"
            },
            "last_update": "2017-07-22T23:15:00+08:00"
        }
    ]
}
-----------
get outside weather info
-----------
{
    "results": [
        {
            "location": {
                "id": "WTTDPCGXTWUS",
                "name": "苏州",
                "country": "CN",
                "path": "苏州,苏州,江苏,中国",
                "timezone": "Asia/Shanghai",
                "timezone_offset": "+08:00"
            },
            "now": {
                "text": "晴",
                "code": "1",
                "temperature": "34"
            },
            "last_update": "2017-07-22T23:15:00+08:00"
        }
    ]
}
-----------
get outside weather info
-----------
{
    "results": [
        {
            "location": {
                "id": "WTTDPCGXTWUS",
                "name": "苏州",
                "country": "CN",
                "path": "苏州,苏州,江苏,中国",
                "timezone": "Asia/Shanghai",
                "timezone_offset": "+08:00"
            },
            "now": {
                "text": "晴",
                "code": "1",
                "temperature": "34"
            },
            "last_update": "2017-07-22T23:15:00+08:00"
        }
    ]
}
-----------
get outside weather info
-----------
{
    "results": [
        {
            "location": {
                "id": "WTTDPCGXTWUS",
                "name": "苏州",
                "country": "CN",
                "path": "苏州,苏州,江苏,中国",
                "timezone": "Asia/Shanghai",
                "timezone_offset": "+08:00"
            },
            "now": {
                "text": "晴",
                "code": "1",
                "temperature": "34"
            },
            "last_update": "2017-07-22T23:15:00+08:00"
        }
    ]
}
-----------
get outside weather info
-----------
{
    "results": [
        {
            "location": {
                "id": "WTTDPCGXTWUS",
                "name": "苏州",
                "country": "CN",
                "path": "苏州,苏州,江苏,中国",
                "timezone": "Asia/Shanghai",
                "timezone_offset": "+08:00"
            },
            "now": {
                "text": "晴",
                "code": "1",
                "temperature": "34"
            },
            "last_update": "2017-07-22T23:15:00+08:00"
        }
    ]
}
-----------
get outside weather info
-----------
{
    "results": [
        {
            "location": {
                "id": "WTTDPCGXTWUS",
                "name": "苏州",
                "country": "CN",
                "path": "苏州,苏州,江苏,中国",
                "timezone": "Asia/Shanghai",
                "timezone_offset": "+08:00"
            },
            "now": {
                "text": "晴",
                "code": "1",
                "temperature": "33"
            },
            "last_update": "2017-07-22T23:40:00+08:00"
        }
    ]
}
-----------
get outside weather info
-----------
{
    "results": [
        {
            "location": {
                "id": "WTTDPCGXTWUS",
                "name": "苏州",
                "country": "CN",
                "path": "苏州,苏州,江苏,中国",
                "timezone": "Asia/Shanghai",
                "timezone_offset": "+08:00"
            },
            "now": {
                "text": "晴",
                "code": "1",
                "temperature": "33"
            },
            "last_update": "2017-07-22T23:50:00+08:00"
        }
    ]
}
-----------
get outside weather info
-----------
{
    "results": [
        {
            "location": {
                "id": "WTTDPCGXTWUS",
                "name": "苏州",
                "country": "CN",
                "path": "苏州,苏州,江苏,中国",
                "timezone": "Asia/Shanghai",
                "timezone_offset": "+08:00"
            },
            "now": {
                "text": "晴",
                "code": "1",
                "temperature": "33"
            },
            "last_update": "2017-07-22T23:50:00+08:00"
        }
    ]
}
-----------
get outside weather info
-----------
-----------
-----------
get outside weather info
{
    "results": [
        {
            "location": {
                "id": "WTTDPCGXTWUS",
                "name": "苏州",
                "country": "CN",
                "path": "苏州,苏州,江苏,中国",
                "timezone": "Asia/Shanghai",
                "timezone_offset": "+08:00"
            },
            "now": {
                "text": "晴",
                "code": "1",
                "temperature": "33"
            },
            "last_update": "2017-07-22T23:50:00+08:00"
        }
    ]
}
{
    "results": [
        {
            "location": {
                "id": "WTTDPCGXTWUS",
                "name": "苏州",
                "country": "CN",
                "path": "苏州,苏州,江苏,中国",
                "timezone": "Asia/Shanghai",
                "timezone_offset": "+08:00"
            },
            "now": {
                "text": "晴",
                "code": "1",
                "temperature": "33"
            },
            "last_update": "2017-07-22T23:50:00+08:00"
        }
    ]
}
-----------
get outside weather info
-----------
{
    "results": [
        {
            "location": {
                "id": "WTTDPCGXTWUS",
                "name": "苏州",
                "country": "CN",
                "path": "苏州,苏州,江苏,中国",
                "timezone": "Asia/Shanghai",
                "timezone_offset": "+08:00"
            },
            "now": {
                "text": "晴",
                "code": "1",
                "temperature": "33"
            },
            "last_update": "2017-07-22T23:50:00+08:00"
        }
    ]
}
-----------
get outside weather info
-----------
{
    "results": [
        {
            "location": {
                "id": "WTTDPCGXTWUS",
                "name": "苏州",
                "country": "CN",
                "path": "苏州,苏州,江苏,中国",
                "timezone": "Asia/Shanghai",
                "timezone_offset": "+08:00"
            },
            "now": {
                "text": "晴",
                "code": "1",
                "temperature": "33"
            },
            "last_update": "2017-07-22T23:50:00+08:00"
        }
    ]
}
-----------
get outside weather info
-----------
{
    "results": [
        {
            "location": {
                "id": "WTTDPCGXTWUS",
                "name": "苏州",
                "country": "CN",
                "path": "苏州,苏州,江苏,中国",
                "timezone": "Asia/Shanghai",
                "timezone_offset": "+08:00"
            },
            "now": {
                "text": "晴",
                "code": "1",
                "temperature": "33"
            },
            "last_update": "2017-07-22T23:50:00+08:00"
        }
    ]
}
-----------
get outside weather info
-----------
{
    "results": [
        {
            "location": {
                "id": "WTTDPCGXTWUS",
                "name": "苏州",
                "country": "CN",
                "path": "苏州,苏州,江苏,中国",
                "timezone": "Asia/Shanghai",
                "timezone_offset": "+08:00"
            },
            "now": {
                "text": "晴",
                "code": "1",
                "temperature": "33"
            },
            "last_update": "2017-07-22T23:50:00+08:00"
        }
    ]
}
-----------
get outside weather info
-----------
{
    "results": [
        {
            "location": {
                "id": "WTTDPCGXTWUS",
                "name": "苏州",
                "country": "CN",
                "path": "苏州,苏州,江苏,中国",
                "timezone": "Asia/Shanghai",
                "timezone_offset": "+08:00"
            },
            "now": {
                "text": "晴",
                "code": "1",
                "temperature": "33"
            },
            "last_update": "2017-07-22T23:50:00+08:00"
        }
    ]
}
-----------
get outside weather info
-----------
{
    "results": [
        {
            "location": {
                "id": "WTTDPCGXTWUS",
                "name": "苏州",
                "country": "CN",
                "path": "苏州,苏州,江苏,中国",
                "timezone": "Asia/Shanghai",
                "timezone_offset": "+08:00"
            },
            "now": {
                "text": "晴",
                "code": "1",
                "temperature": "33"
            },
            "last_update": "2017-07-22T23:50:00+08:00"
        }
    ]
}
-----------
get outside weather info
-----------
{
    "results": [
        {
            "location": {
                "id": "WTTDPCGXTWUS",
                "name": "苏州",
                "country": "CN",
                "path": "苏州,苏州,江苏,中国",
                "timezone": "Asia/Shanghai",
                "timezone_offset": "+08:00"
            },
            "now": {
                "text": "晴",
                "code": "1",
                "temperature": "33"
            },
            "last_update": "2017-07-22T23:50:00+08:00"
        }
    ]
}
-----------
get outside weather info
-----------
{
    "results": [
        {
            "location": {
                "id": "WTTDPCGXTWUS",
                "name": "苏州",
                "country": "CN",
                "path": "苏州,苏州,江苏,中国",
                "timezone": "Asia/Shanghai",
                "timezone_offset": "+08:00"
            },
            "now": {
                "text": "晴",
                "code": "1",
                "temperature": "33"
            },
            "last_update": "2017-07-22T23:50:00+08:00"
        }
    ]
}
-----------
get outside weather info
-----------
{
    "results": [
        {
            "location": {
                "id": "WTTDPCGXTWUS",
                "name": "苏州",
                "country": "CN",
                "path": "苏州,苏州,江苏,中国",
                "timezone": "Asia/Shanghai",
                "timezone_offset": "+08:00"
            },
            "now": {
                "text": "晴",
                "code": "1",
                "temperature": "33"
            },
            "last_update": "2017-07-22T23:50:00+08:00"
        }
    ]
}
-----------
get outside weather info
-----------
{
    "results": [
        {
            "location": {
                "id": "WTTDPCGXTWUS",
                "name": "苏州",
                "country": "CN",
                "path": "苏州,苏州,江苏,中国",
                "timezone": "Asia/Shanghai",
                "timezone_offset": "+08:00"
            },
            "now": {
                "text": "晴",
                "code": "1",
                "temperature": "33"
            },
            "last_update": "2017-07-22T23:50:00+08:00"
        }
    ]
}
-----------
get outside weather info
-----------
{
    "results": [
        {
            "location": {
                "id": "WTTDPCGXTWUS",
                "name": "苏州",
                "country": "CN",
                "path": "苏州,苏州,江苏,中国",
                "timezone": "Asia/Shanghai",
                "timezone_offset": "+08:00"
            },
            "now": {
                "text": "晴",
                "code": "1",
                "temperature": "33"
            },
            "last_update": "2017-07-23T00:15:00+08:00"
        }
    ]
}
-----------
get outside weather info
-----------
{
    "results": [
        {
            "location": {
                "id": "WTTDPCGXTWUS",
                "name": "苏州",
                "country": "CN",
                "path": "苏州,苏州,江苏,中国",
                "timezone": "Asia/Shanghai",
                "timezone_offset": "+08:00"
            },
            "now": {
                "text": "晴",
                "code": "1",
                "temperature": "33"
            },
            "last_update": "2017-07-23T00:15:00+08:00"
        }
    ]
}
-----------
get outside weather info
-----------
{
    "results": [
        {
            "location": {
                "id": "WTTDPCGXTWUS",
                "name": "苏州",
                "country": "CN",
                "path": "苏州,苏州,江苏,中国",
                "timezone": "Asia/Shanghai",
                "timezone_offset": "+08:00"
            },
            "now": {
                "text": "晴",
                "code": "1",
                "temperature": "33"
            },
            "last_update": "2017-07-23T00:25:00+08:00"
        }
    ]
}
-----------
get outside weather info
-----------
{
    "results": [
        {
            "location": {
                "id": "WTTDPCGXTWUS",
                "name": "苏州",
                "country": "CN",
                "path": "苏州,苏州,江苏,中国",
                "timezone": "Asia/Shanghai",
                "timezone_offset": "+08:00"
            },
            "now": {
                "text": "晴",
                "code": "1",
                "temperature": "33"
            },
            "last_update": "2017-07-23T00:25:00+08:00"
        }
    ]
}
-----------
get outside weather info
-----------
{
    "results": [
        {
            "location": {
                "id": "WTTDPCGXTWUS",
                "name": "苏州",
                "country": "CN",
                "path": "苏州,苏州,江苏,中国",
                "timezone": "Asia/Shanghai",
                "timezone_offset": "+08:00"
            },
            "now": {
                "text": "晴",
                "code": "1",
                "temperature": "33"
            },
            "last_update": "2017-07-23T00:35:00+08:00"
        }
    ]
}
-----------
get outside weather info
-----------
{
    "results": [
        {
            "location": {
                "id": "WTTDPCGXTWUS",
                "name": "苏州",
                "country": "CN",
                "path": "苏州,苏州,江苏,中国",
                "timezone": "Asia/Shanghai",
                "timezone_offset": "+08:00"
            },
            "now": {
                "text": "晴",
                "code": "1",
                "temperature": "33"
            },
            "last_update": "2017-07-23T00:35:00+08:00"
        }
    ]
}
-----------
get outside weather info
-----------
{
    "results": [
        {
            "location": {
                "id": "WTTDPCGXTWUS",
                "name": "苏州",
                "country": "CN",
                "path": "苏州,苏州,江苏,中国",
                "timezone": "Asia/Shanghai",
                "timezone_offset": "+08:00"
            },
            "now": {
                "text": "晴",
                "code": "1",
                "temperature": "33"
            },
            "last_update": "2017-07-23T00:25:00+08:00"
        }
    ]
}
-----------
-----------
get outside weather info
{
    "results": [
        {
            "location": {
                "id": "WTTDPCGXTWUS",
                "name": "苏州",
                "country": "CN",
                "path": "苏州,苏州,江苏,中国",
                "timezone": "Asia/Shanghai",
                "timezone_offset": "+08:00"
            },
            "now": {
                "text": "晴",
                "code": "0",
                "temperature": "35"
            },
            "last_update": "2017-07-23T07:25:00+08:00"
        }
    ]
}
Server listening at port 8099
-----------
get outside weather info
-----------
init socket 前进
{
    "results": [
        {
            "location": {
                "id": "WTTDPCGXTWUS",
                "name": "苏州",
                "country": "CN",
                "path": "苏州,苏州,江苏,中国",
                "timezone": "Asia/Shanghai",
                "timezone_offset": "+08:00"
            },
            "now": {
                "text": "阴",
                "code": "9",
                "temperature": "36"
            },
            "last_update": "2017-07-23T19:25:00+08:00"
        }
    ]
}
-----------
get outside weather info
-----------
init socket 前进
{
    "results": [
        {
            "location": {
                "id": "WTTDPCGXTWUS",
                "name": "苏州",
                "country": "CN",
                "path": "苏州,苏州,江苏,中国",
                "timezone": "Asia/Shanghai",
                "timezone_offset": "+08:00"
            },
            "now": {
                "text": "阴",
                "code": "9",
                "temperature": "36"
            },
            "last_update": "2017-07-23T19:25:00+08:00"
        }
    ]
}
